<?xml version="1.0" encoding="UTF-8"?>
<coverage generated="1698362096668" clover="3.2.0">
  <project timestamp="1698362096668" name="All files">
    <metrics statements="205" coveredstatements="157" conditionals="37" coveredconditionals="20" methods="62" coveredmethods="42" elements="304" coveredelements="219" complexity="0" loc="205" ncloc="205" packages="6" files="10" classes="10"/>
    <package name="src">
      <metrics statements="29" coveredstatements="29" conditionals="4" coveredconditionals="4" methods="9" coveredmethods="6"/>
      <file name="config.ts" path="C:\Users\MIGUEL\Desktop\NODE_HEXAGONAL\alumno\api-hexagonal\src\config.ts">
        <metrics statements="1" coveredstatements="1" conditionals="0" coveredconditionals="0" methods="0" coveredmethods="0"/>
        <line num="1" count="1" type="stmt"/>
      </file>
      <file name="server.ts" path="C:\Users\MIGUEL\Desktop\NODE_HEXAGONAL\alumno\api-hexagonal\src\server.ts">
        <metrics statements="28" coveredstatements="28" conditionals="4" coveredconditionals="4" methods="9" coveredmethods="6"/>
        <line num="1" count="1" type="stmt"/>
        <line num="2" count="1" type="stmt"/>
        <line num="3" count="1" type="stmt"/>
        <line num="4" count="1" type="stmt"/>
        <line num="5" count="1" type="stmt"/>
        <line num="6" count="1" type="stmt"/>
        <line num="7" count="1" type="stmt"/>
        <line num="8" count="1" type="stmt"/>
        <line num="9" count="1" type="stmt"/>
        <line num="10" count="1" type="stmt"/>
        <line num="11" count="1" type="stmt"/>
        <line num="12" count="1" type="stmt"/>
        <line num="14" count="1" type="stmt"/>
        <line num="17" count="1" type="stmt"/>
        <line num="21" count="1" type="stmt"/>
        <line num="37" count="1" type="stmt"/>
        <line num="38" count="1" type="stmt"/>
        <line num="40" count="1" type="stmt"/>
        <line num="41" count="5" type="stmt"/>
        <line num="42" count="5" type="stmt"/>
        <line num="43" count="5" type="stmt"/>
        <line num="48" count="1" type="stmt"/>
        <line num="49" count="5" type="stmt"/>
        <line num="52" count="1" type="cond" truecount="2" falsecount="0"/>
        <line num="53" count="1" type="stmt"/>
        <line num="54" count="1" type="stmt"/>
        <line num="57" count="1" type="stmt"/>
        <line num="64" count="1" type="cond" truecount="2" falsecount="0"/>
      </file>
    </package>
    <package name="src.adapters.controllers">
      <metrics statements="65" coveredstatements="48" conditionals="13" coveredconditionals="5" methods="14" coveredmethods="7"/>
      <file name="StudentController.ts" path="C:\Users\MIGUEL\Desktop\NODE_HEXAGONAL\alumno\api-hexagonal\src\adapters\controllers\StudentController.ts">
        <metrics statements="34" coveredstatements="30" conditionals="4" coveredconditionals="3" methods="6" coveredmethods="5"/>
        <line num="1" count="1" type="stmt"/>
        <line num="2" count="1" type="stmt"/>
        <line num="3" count="1" type="stmt"/>
        <line num="4" count="1" type="stmt"/>
        <line num="8" count="1" type="stmt"/>
        <line num="10" count="1" type="stmt"/>
        <line num="12" count="1" type="stmt"/>
        <line num="15" count="1" type="stmt"/>
        <line num="16" count="1" type="stmt"/>
        <line num="18" count="1" type="stmt"/>
        <line num="19" count="1" type="stmt"/>
        <line num="20" count="1" type="stmt"/>
        <line num="24" count="1" type="stmt"/>
        <line num="25" count="1" type="stmt"/>
        <line num="26" count="1" type="stmt"/>
        <line num="31" count="1" type="stmt"/>
        <line num="32" count="2" type="stmt"/>
        <line num="33" count="2" type="stmt"/>
        <line num="35" count="2" type="cond" truecount="2" falsecount="0"/>
        <line num="36" count="1" type="stmt"/>
        <line num="38" count="1" type="stmt"/>
        <line num="43" count="1" type="stmt"/>
        <line num="44" count="1" type="stmt"/>
        <line num="45" count="1" type="stmt"/>
        <line num="49" count="1" type="stmt"/>
        <line num="50" count="1" type="stmt"/>
        <line num="51" count="1" type="stmt"/>
        <line num="52" count="1" type="cond" truecount="1" falsecount="1"/>
        <line num="53" count="1" type="stmt"/>
        <line num="57" count="0" type="stmt"/>
        <line num="64" count="1" type="stmt"/>
        <line num="65" count="0" type="stmt"/>
        <line num="66" count="0" type="stmt"/>
        <line num="67" count="0" type="stmt"/>
      </file>
      <file name="UserController.ts" path="C:\Users\MIGUEL\Desktop\NODE_HEXAGONAL\alumno\api-hexagonal\src\adapters\controllers\UserController.ts">
        <metrics statements="31" coveredstatements="18" conditionals="9" coveredconditionals="2" methods="8" coveredmethods="2"/>
        <line num="2" count="1" type="stmt"/>
        <line num="3" count="1" type="stmt"/>
        <line num="4" count="1" type="stmt"/>
        <line num="8" count="1" type="stmt"/>
        <line num="11" count="1" type="stmt"/>
        <line num="12" count="1" type="stmt"/>
        <line num="14" count="1" type="stmt"/>
        <line num="15" count="1" type="stmt"/>
        <line num="20" count="1" type="stmt"/>
        <line num="21" count="5" type="stmt"/>
        <line num="22" count="5" type="stmt"/>
        <line num="24" count="5" type="cond" truecount="2" falsecount="1"/>
        <line num="25" count="0" type="stmt"/>
        <line num="27" count="5" type="stmt"/>
        <line num="29" count="5" type="cond" truecount="0" falsecount="1"/>
        <line num="30" count="0" type="stmt"/>
        <line num="32" count="5" type="stmt"/>
        <line num="33" count="5" type="stmt"/>
        <line num="36" count="0" type="stmt"/>
        <line num="42" count="1" type="stmt"/>
        <line num="43" count="0" type="stmt"/>
        <line num="44" count="0" type="stmt"/>
        <line num="46" count="0" type="cond" truecount="0" falsecount="3"/>
        <line num="47" count="0" type="stmt"/>
        <line num="50" count="0" type="stmt"/>
        <line num="52" count="0" type="stmt"/>
        <line num="63" count="0" type="stmt"/>
        <line num="64" count="0" type="stmt"/>
        <line num="66" count="0" type="stmt"/>
        <line num="67" count="0" type="stmt"/>
        <line num="79" count="1" type="cond" truecount="0" falsecount="2"/>
      </file>
    </package>
    <package name="src.adapters.middleware">
      <metrics statements="15" coveredstatements="12" conditionals="4" coveredconditionals="2" methods="4" coveredmethods="4"/>
      <file name="AuthMiddleware.ts" path="C:\Users\MIGUEL\Desktop\NODE_HEXAGONAL\alumno\api-hexagonal\src\adapters\middleware\AuthMiddleware.ts">
        <metrics statements="15" coveredstatements="12" conditionals="4" coveredconditionals="2" methods="4" coveredmethods="4"/>
        <line num="4" count="1" type="stmt"/>
        <line num="5" count="1" type="stmt"/>
        <line num="8" count="5" type="stmt"/>
        <line num="10" count="5" type="cond" truecount="0" falsecount="1"/>
        <line num="11" count="0" type="stmt"/>
        <line num="15" count="5" type="stmt"/>
        <line num="16" count="5" type="stmt"/>
        <line num="17" count="5" type="stmt"/>
        <line num="18" count="5" type="stmt"/>
        <line num="19" count="5" type="stmt"/>
        <line num="21" count="0" type="stmt"/>
        <line num="26" count="3" type="stmt"/>
        <line num="27" count="2" type="cond" truecount="2" falsecount="1"/>
        <line num="28" count="0" type="stmt"/>
        <line num="30" count="2" type="stmt"/>
      </file>
    </package>
    <package name="src.application.service">
      <metrics statements="43" coveredstatements="30" conditionals="9" coveredconditionals="6" methods="18" coveredmethods="13"/>
      <file name="AuthService.ts" path="C:\Users\MIGUEL\Desktop\NODE_HEXAGONAL\alumno\api-hexagonal\src\application\service\AuthService.ts">
        <metrics statements="36" coveredstatements="24" conditionals="9" coveredconditionals="6" methods="12" coveredmethods="8"/>
        <line num="5" count="1" type="stmt"/>
        <line num="6" count="1" type="stmt"/>
        <line num="7" count="1" type="stmt"/>
        <line num="11" count="1" type="stmt"/>
        <line num="13" count="1" type="cond" truecount="2" falsecount="0"/>
        <line num="17" count="5" type="stmt"/>
        <line num="18" count="5" type="stmt"/>
        <line num="19" count="5" type="stmt"/>
        <line num="20" count="5" type="stmt"/>
        <line num="22" count="0" type="stmt"/>
        <line num="27" count="2" type="cond" truecount="0" falsecount="1"/>
        <line num="28" count="0" type="stmt"/>
        <line num="33" count="2" type="stmt"/>
        <line num="37" count="5" type="stmt"/>
        <line num="38" count="5" type="stmt"/>
        <line num="39" count="5" type="stmt"/>
        <line num="40" count="5" type="stmt"/>
        <line num="42" count="0" type="stmt"/>
        <line num="47" count="5" type="stmt"/>
        <line num="48" count="5" type="stmt"/>
        <line num="59" count="5" type="stmt"/>
        <line num="61" count="0" type="stmt"/>
        <line num="65" count="5" type="stmt"/>
        <line num="66" count="5" type="stmt"/>
        <line num="67" count="5" type="stmt"/>
        <line num="69" count="5" type="cond" truecount="3" falsecount="0"/>
        <line num="70" count="5" type="stmt"/>
        <line num="72" count="0" type="stmt"/>
        <line num="75" count="0" type="stmt"/>
        <line num="79" count="0" type="stmt"/>
        <line num="81" count="0" type="stmt"/>
        <line num="83" count="0" type="cond" truecount="0" falsecount="1"/>
        <line num="84" count="0" type="stmt"/>
        <line num="88" count="0" type="stmt"/>
        <line num="91" count="0" type="stmt"/>
        <line num="102" count="10" type="cond" truecount="1" falsecount="1"/>
      </file>
      <file name="StudentService.ts" path="C:\Users\MIGUEL\Desktop\NODE_HEXAGONAL\alumno\api-hexagonal\src\application\service\StudentService.ts">
        <metrics statements="7" coveredstatements="6" conditionals="0" coveredconditionals="0" methods="6" coveredmethods="5"/>
        <line num="5" count="1" type="stmt"/>
        <line num="7" count="1" type="stmt"/>
        <line num="10" count="1" type="stmt"/>
        <line num="13" count="2" type="stmt"/>
        <line num="16" count="1" type="stmt"/>
        <line num="19" count="1" type="stmt"/>
        <line num="22" count="0" type="stmt"/>
      </file>
    </package>
    <package name="src.infrastructure.db">
      <metrics statements="9" coveredstatements="8" conditionals="2" coveredconditionals="1" methods="7" coveredmethods="4"/>
      <file name="MysqlConnection.ts" path="C:\Users\MIGUEL\Desktop\NODE_HEXAGONAL\alumno\api-hexagonal\src\infrastructure\db\MysqlConnection.ts">
        <metrics statements="9" coveredstatements="8" conditionals="2" coveredconditionals="1" methods="7" coveredmethods="4"/>
        <line num="1" count="1" type="stmt"/>
        <line num="3" count="1" type="stmt"/>
        <line num="7" count="1" type="stmt"/>
        <line num="8" count="1" type="stmt"/>
        <line num="12" count="12" type="stmt"/>
        <line num="13" count="12" type="stmt"/>
        <line num="14" count="12" type="stmt"/>
        <line num="16" count="0" type="stmt"/>
        <line num="27" count="12" type="cond" truecount="1" falsecount="1"/>
      </file>
    </package>
    <package name="src.infrastructure.repositories">
      <metrics statements="44" coveredstatements="30" conditionals="5" coveredconditionals="2" methods="10" coveredmethods="8"/>
      <file name="MysqlStudentRepository.ts" path="C:\Users\MIGUEL\Desktop\NODE_HEXAGONAL\alumno\api-hexagonal\src\infrastructure\repositories\MysqlStudentRepository.ts">
        <metrics statements="29" coveredstatements="22" conditionals="4" coveredconditionals="1" methods="7" coveredmethods="6"/>
        <line num="6" count="1" type="stmt"/>
        <line num="8" count="1" type="stmt"/>
        <line num="11" count="7" type="stmt"/>
        <line num="15" count="1" type="stmt"/>
        <line num="16" count="1" type="stmt"/>
        <line num="17" count="1" type="stmt"/>
        <line num="21" count="4" type="stmt"/>
        <line num="22" count="4" type="stmt"/>
        <line num="24" count="4" type="cond" truecount="1" falsecount="0"/>
        <line num="25" count="1" type="stmt"/>
        <line num="27" count="3" type="stmt"/>
        <line num="33" count="1" type="stmt"/>
        <line num="34" count="1" type="stmt"/>
        <line num="35" count="1" type="stmt"/>
        <line num="38" count="1" type="stmt"/>
        <line num="44" count="1" type="stmt"/>
        <line num="46" count="1" type="stmt"/>
        <line num="49" count="1" type="cond" truecount="0" falsecount="1"/>
        <line num="50" count="0" type="stmt"/>
        <line num="52" count="1" type="stmt"/>
        <line num="53" count="1" type="stmt"/>
        <line num="55" count="1" type="cond" truecount="0" falsecount="1"/>
        <line num="56" count="0" type="stmt"/>
        <line num="58" count="1" type="stmt"/>
        <line num="66" count="0" type="stmt"/>
        <line num="69" count="0" type="stmt"/>
        <line num="70" count="0" type="cond" truecount="0" falsecount="1"/>
        <line num="71" count="0" type="stmt"/>
        <line num="73" count="0" type="stmt"/>
      </file>
      <file name="MysqlUserRepository.ts" path="C:\Users\MIGUEL\Desktop\NODE_HEXAGONAL\alumno\api-hexagonal\src\infrastructure\repositories\MysqlUserRepository.ts">
        <metrics statements="15" coveredstatements="8" conditionals="1" coveredconditionals="1" methods="3" coveredmethods="2"/>
        <line num="7" count="1" type="stmt"/>
        <line num="9" count="1" type="stmt"/>
        <line num="15" count="5" type="stmt"/>
        <line num="16" count="5" type="stmt"/>
        <line num="17" count="5" type="stmt"/>
        <line num="19" count="5" type="cond" truecount="1" falsecount="0"/>
        <line num="20" count="5" type="stmt"/>
        <line num="22" count="0" type="stmt"/>
        <line num="24" count="5" type="stmt"/>
        <line num="28" count="0" type="stmt"/>
        <line num="30" count="0" type="stmt"/>
        <line num="31" count="0" type="stmt"/>
        <line num="33" count="0" type="stmt"/>
        <line num="35" count="0" type="stmt"/>
        <line num="40" count="0" type="stmt"/>
      </file>
    </package>
  </project>
</coverage>
