{"C:\\Users\\MIGUEL\\Desktop\\NODE_HEXAGONAL\\alumno\\api-hexagonal\\src\\application\\service\\AuthService.ts": {"path":"C:\\Users\\MIGUEL\\Desktop\\NODE_HEXAGONAL\\alumno\\api-hexagonal\\src\\application\\service\\AuthService.ts","statementMap":{"0":{"start":{"line":5,"column":0},"end":{"line":5,"column":25}},"1":{"start":{"line":6,"column":0},"end":{"line":6,"column":31}},"2":{"start":{"line":11,"column":22},"end":{"line":11,"column":53}},"3":{"start":{"line":13,"column":4},"end":{"line":13,"column":62}},"4":{"start":{"line":17,"column":4},"end":{"line":23,"column":null}},"5":{"start":{"line":18,"column":19},"end":{"line":18,"column":61}},"6":{"start":{"line":19,"column":6},"end":{"line":19,"column":24}},"7":{"start":{"line":20,"column":6},"end":{"line":20,"column":18}},"8":{"start":{"line":22,"column":6},"end":{"line":22,"column":null}},"9":{"start":{"line":27,"column":4},"end":{"line":29,"column":null}},"10":{"start":{"line":28,"column":6},"end":{"line":28,"column":51}},"11":{"start":{"line":33,"column":4},"end":{"line":33,"column":38}},"12":{"start":{"line":37,"column":3},"end":{"line":42,"column":null}},"13":{"start":{"line":38,"column":27},"end":{"line":38,"column":71}},"14":{"start":{"line":39,"column":4},"end":{"line":39,"column":26}},"15":{"start":{"line":41,"column":4},"end":{"line":41,"column":null}},"16":{"start":{"line":46,"column":4},"end":{"line":61,"column":null}},"17":{"start":{"line":47,"column":20},"end":{"line":56,"column":null}},"18":{"start":{"line":58,"column":6},"end":{"line":58,"column":19}},"19":{"start":{"line":60,"column":6},"end":{"line":60,"column":null}},"20":{"start":{"line":64,"column":5},"end":{"line":75,"column":null}},"21":{"start":{"line":65,"column":29},"end":{"line":65,"column":56}},"22":{"start":{"line":66,"column":19},"end":{"line":66,"column":73}},"23":{"start":{"line":68,"column":6},"end":{"line":70,"column":null}},"24":{"start":{"line":69,"column":8},"end":{"line":69,"column":20}},"25":{"start":{"line":71,"column":6},"end":{"line":71,"column":18}},"26":{"start":{"line":74,"column":6},"end":{"line":74,"column":67}},"27":{"start":{"line":78,"column":4},"end":{"line":91,"column":null}},"28":{"start":{"line":80,"column":27},"end":{"line":80,"column":86}},"29":{"start":{"line":82,"column":6},"end":{"line":84,"column":null}},"30":{"start":{"line":83,"column":8},"end":{"line":83,"column":null}},"31":{"start":{"line":87,"column":6},"end":{"line":87,"column":49}},"32":{"start":{"line":90,"column":6},"end":{"line":90,"column":52}},"33":{"start":{"line":7,"column":0},"end":{"line":7,"column":13}}},"fnMap":{"0":{"name":"(anonymous_8)","decl":{"start":{"line":11,"column":2},"end":{"line":11,"column":22}},"loc":{"start":{"line":11,"column":53},"end":{"line":14,"column":3}}},"1":{"name":"(anonymous_9)","decl":{"start":{"line":16,"column":2},"end":{"line":16,"column":15}},"loc":{"start":{"line":16,"column":29},"end":{"line":24,"column":3}}},"2":{"name":"(anonymous_10)","decl":{"start":{"line":26,"column":2},"end":{"line":26,"column":14}},"loc":{"start":{"line":26,"column":48},"end":{"line":34,"column":3}}},"3":{"name":"(anonymous_11)","decl":{"start":{"line":36,"column":2},"end":{"line":36,"column":14}},"loc":{"start":{"line":36,"column":31},"end":{"line":43,"column":3}}},"4":{"name":"(anonymous_12)","decl":{"start":{"line":45,"column":2},"end":{"line":45,"column":15}},"loc":{"start":{"line":45,"column":27},"end":{"line":62,"column":3}}},"5":{"name":"(anonymous_13)","decl":{"start":{"line":63,"column":8},"end":{"line":63,"column":31}},"loc":{"start":{"line":63,"column":66},"end":{"line":76,"column":null}}},"6":{"name":"(anonymous_15)","decl":{"start":{"line":77,"column":8},"end":{"line":77,"column":20}},"loc":{"start":{"line":77,"column":32},"end":{"line":92,"column":null}}}},"branchMap":{"0":{"loc":{"start":{"line":13,"column":21},"end":{"line":13,"column":61}},"type":"binary-expr","locations":[{"start":{"line":13,"column":21},"end":{"line":13,"column":43}},{"start":{"line":13,"column":47},"end":{"line":13,"column":61}}]},"1":{"loc":{"start":{"line":27,"column":4},"end":{"line":29,"column":null}},"type":"if","locations":[{"start":{"line":27,"column":4},"end":{"line":29,"column":null}}]},"2":{"loc":{"start":{"line":68,"column":6},"end":{"line":70,"column":null}},"type":"if","locations":[{"start":{"line":68,"column":6},"end":{"line":70,"column":null}}]},"3":{"loc":{"start":{"line":68,"column":9},"end":{"line":68,"column":49}},"type":"binary-expr","locations":[{"start":{"line":68,"column":9},"end":{"line":68,"column":13}},{"start":{"line":68,"column":17},"end":{"line":68,"column":49}}]},"4":{"loc":{"start":{"line":82,"column":6},"end":{"line":84,"column":null}},"type":"if","locations":[{"start":{"line":82,"column":6},"end":{"line":84,"column":null}}]}},"s":{"0":1,"1":1,"2":1,"3":1,"4":1,"5":1,"6":0,"7":0,"8":1,"9":3,"10":1,"11":2,"12":0,"13":0,"14":0,"15":0,"16":0,"17":0,"18":0,"19":0,"20":0,"21":0,"22":0,"23":0,"24":0,"25":0,"26":0,"27":0,"28":0,"29":0,"30":0,"31":0,"32":0,"33":1},"f":{"0":1,"1":1,"2":3,"3":0,"4":0,"5":0,"6":0},"b":{"0":[1,1],"1":[1],"2":[0],"3":[0,0],"4":[0]}}
}
