{"C:\\Users\\MIGUEL\\Desktop\\NODE_HEXAGONAL\\alumno\\api-hexagonal\\src\\config.ts": {"path":"C:\\Users\\MIGUEL\\Desktop\\NODE_HEXAGONAL\\alumno\\api-hexagonal\\src\\config.ts","statementMap":{"0":{"start":{"line":1,"column":0},"end":{"line":9,"column":null}}},"fnMap":{},"branchMap":{},"s":{"0":1},"f":{},"b":{}}
,"C:\\Users\\MIGUEL\\Desktop\\NODE_HEXAGONAL\\alumno\\api-hexagonal\\src\\server.ts": {"path":"C:\\Users\\MIGUEL\\Desktop\\NODE_HEXAGONAL\\alumno\\api-hexagonal\\src\\server.ts","statementMap":{"0":{"start":{"line":1,"column":0},"end":{"line":1,"column":30}},"1":{"start":{"line":2,"column":0},"end":{"line":2,"column":74}},"2":{"start":{"line":3,"column":0},"end":{"line":3,"column":49}},"3":{"start":{"line":4,"column":0},"end":{"line":4,"column":30}},"4":{"start":{"line":5,"column":0},"end":{"line":5,"column":70}},"5":{"start":{"line":6,"column":0},"end":{"line":6,"column":94}},"6":{"start":{"line":7,"column":0},"end":{"line":7,"column":70}},"7":{"start":{"line":8,"column":0},"end":{"line":8,"column":77}},"8":{"start":{"line":9,"column":0},"end":{"line":9,"column":64}},"9":{"start":{"line":10,"column":0},"end":{"line":10,"column":71}},"10":{"start":{"line":11,"column":0},"end":{"line":11,"column":88}},"11":{"start":{"line":12,"column":0},"end":{"line":12,"column":70}},"12":{"start":{"line":14,"column":12},"end":{"line":14,"column":21}},"13":{"start":{"line":57,"column":9},"end":{"line":57,"column":12}},"14":{"start":{"line":17,"column":18},"end":{"line":19,"column":2}},"15":{"start":{"line":21,"column":0},"end":{"line":35,"column":3}},"16":{"start":{"line":37,"column":0},"end":{"line":37,"column":36}},"17":{"start":{"line":38,"column":0},"end":{"line":38,"column":24}},"18":{"start":{"line":40,"column":0},"end":{"line":46,"column":3}},"19":{"start":{"line":41,"column":25},"end":{"line":41,"column":60}},"20":{"start":{"line":42,"column":2},"end":{"line":44,"column":5}},"21":{"start":{"line":43,"column":4},"end":{"line":43,"column":66}},"22":{"start":{"line":48,"column":0},"end":{"line":50,"column":null}},"23":{"start":{"line":49,"column":2},"end":{"line":49,"column":61}},"24":{"start":{"line":52,"column":13},"end":{"line":52,"column":37}},"25":{"start":{"line":53,"column":15},"end":{"line":55,"column":2}},"26":{"start":{"line":54,"column":21},"end":{"line":54,"column":112}},"27":{"start":{"line":57,"column":14},"end":{"line":57,"column":20}},"28":{"start":{"line":64,"column":38},"end":{"line":64,"column":37617}},"29":{"start":{"line":64,"column":42},"end":{"line":64,"column":37606}},"30":{"start":{"line":64,"column":37655},"end":{"line":64,"column":37695}},"31":{"start":{"line":64,"column":37659},"end":{"line":64,"column":37684}},"32":{"start":{"line":64,"column":37696},"end":{"line":64,"column":37705}},"33":{"start":{"line":64,"column":37706},"end":{"line":64,"column":37712}},"34":{"start":{"line":64,"column":37748},"end":{"line":64,"column":37790}},"35":{"start":{"line":64,"column":37752},"end":{"line":64,"column":37779}},"36":{"start":{"line":64,"column":37791},"end":{"line":64,"column":37800}},"37":{"start":{"line":64,"column":37801},"end":{"line":64,"column":37807}},"38":{"start":{"line":64,"column":37824},"end":{"line":64,"column":37861}},"39":{"start":{"line":64,"column":37828},"end":{"line":64,"column":37850}},"40":{"start":{"line":64,"column":37863},"end":{"line":64,"column":37869}},"41":{"start":{"line":64,"column":37886},"end":{"line":64,"column":37926}},"42":{"start":{"line":64,"column":37890},"end":{"line":64,"column":37915}},"43":{"start":{"line":64,"column":37928},"end":{"line":64,"column":37934}}},"fnMap":{"0":{"name":"(anonymous_1)","decl":{"start":{"line":40,"column":21},"end":{"line":40,"column":22}},"loc":{"start":{"line":40,"column":40},"end":{"line":46,"column":1}}},"1":{"name":"(anonymous_2)","decl":{"start":{"line":42,"column":43},"end":{"line":42,"column":46}},"loc":{"start":{"line":42,"column":48},"end":{"line":44,"column":3}}},"2":{"name":"(anonymous_3)","decl":{"start":{"line":48,"column":18},"end":{"line":48,"column":19}},"loc":{"start":{"line":48,"column":37},"end":{"line":50,"column":1}}},"3":{"name":"(anonymous_4)","decl":{"start":{"line":53,"column":32},"end":{"line":53,"column":35}},"loc":{"start":{"line":53,"column":37},"end":{"line":55,"column":1}}},"4":{"name":"oo_cm","decl":{"start":{"line":64,"column":30},"end":{"line":64,"column":35}},"loc":{"start":{"line":64,"column":35},"end":{"line":64,"column":37618}}},"5":{"name":"oo_oo","decl":{"start":{"line":64,"column":37628},"end":{"line":64,"column":37633}},"loc":{"start":{"line":64,"column":37653},"end":{"line":64,"column":37705}}},"6":{"name":"oo_tr","decl":{"start":{"line":64,"column":37721},"end":{"line":64,"column":37726}},"loc":{"start":{"line":64,"column":37746},"end":{"line":64,"column":37800}}},"7":{"name":"oo_ts","decl":{"start":{"line":64,"column":37816},"end":{"line":64,"column":37821}},"loc":{"start":{"line":64,"column":37821},"end":{"line":64,"column":37862}}},"8":{"name":"oo_te","decl":{"start":{"line":64,"column":37878},"end":{"line":64,"column":37883}},"loc":{"start":{"line":64,"column":37883},"end":{"line":64,"column":37927}}}},"branchMap":{"0":{"loc":{"start":{"line":52,"column":13},"end":{"line":52,"column":37}},"type":"binary-expr","locations":[{"start":{"line":52,"column":13},"end":{"line":52,"column":29}},{"start":{"line":52,"column":33},"end":{"line":52,"column":37}}]},"1":{"loc":{"start":{"line":64,"column":49},"end":{"line":64,"column":37605}},"type":"binary-expr","locations":[{"start":{"line":64,"column":49},"end":{"line":64,"column":86}},{"start":{"line":64,"column":90},"end":{"line":64,"column":37605}}]}},"s":{"0":1,"1":1,"2":1,"3":1,"4":1,"5":1,"6":1,"7":1,"8":1,"9":1,"10":1,"11":1,"12":1,"13":1,"14":1,"15":1,"16":1,"17":1,"18":1,"19":3,"20":3,"21":3,"22":1,"23":3,"24":1,"25":1,"26":1,"27":1,"28":1,"29":1,"30":1,"31":1,"32":1,"33":1,"34":0,"35":0,"36":0,"37":1,"38":0,"39":0,"40":1,"41":0,"42":0,"43":1},"f":{"0":3,"1":3,"2":3,"3":1,"4":1,"5":1,"6":0,"7":0,"8":0},"b":{"0":[1,1],"1":[1,1]}}
,"C:\\Users\\MIGUEL\\Desktop\\NODE_HEXAGONAL\\alumno\\api-hexagonal\\src\\adapters\\controllers\\StudentController.ts": {"path":"C:\\Users\\MIGUEL\\Desktop\\NODE_HEXAGONAL\\alumno\\api-hexagonal\\src\\adapters\\controllers\\StudentController.ts","statementMap":{"0":{"start":{"line":1,"column":0},"end":{"line":1,"column":50}},"1":{"start":{"line":2,"column":0},"end":{"line":2,"column":63}},"2":{"start":{"line":3,"column":0},"end":{"line":3,"column":74}},"3":{"start":{"line":4,"column":0},"end":{"line":4,"column":62}},"4":{"start":{"line":8,"column":7},"end":{"line":70,"column":null}},"5":{"start":{"line":10,"column":31},"end":{"line":10,"column":47}},"6":{"start":{"line":10,"column":80},"end":{"line":10,"column":96}},"7":{"start":{"line":12,"column":4},"end":{"line":12,"column":27}},"8":{"start":{"line":15,"column":4},"end":{"line":15,"column":46}},"9":{"start":{"line":16,"column":4},"end":{"line":16,"column":53}},"10":{"start":{"line":18,"column":4},"end":{"line":18,"column":94}},"11":{"start":{"line":19,"column":4},"end":{"line":19,"column":95}},"12":{"start":{"line":20,"column":4},"end":{"line":20,"column":98}},"13":{"start":{"line":25,"column":19},"end":{"line":25,"column":61}},"14":{"start":{"line":26,"column":2},"end":{"line":26,"column":21}},"15":{"start":{"line":32,"column":13},"end":{"line":32,"column":34}},"16":{"start":{"line":33,"column":18},"end":{"line":33,"column":62}},"17":{"start":{"line":35,"column":2},"end":{"line":39,"column":null}},"18":{"start":{"line":36,"column":4},"end":{"line":36,"column":22}},"19":{"start":{"line":38,"column":4},"end":{"line":38,"column":46}},"20":{"start":{"line":44,"column":18},"end":{"line":44,"column":67}},"21":{"start":{"line":45,"column":2},"end":{"line":45,"column":32}},"22":{"start":{"line":50,"column":13},"end":{"line":50,"column":34}},"23":{"start":{"line":51,"column":25},"end":{"line":51,"column":78}},"24":{"start":{"line":52,"column":2},"end":{"line":58,"column":null}},"25":{"start":{"line":53,"column":4},"end":{"line":53,"column":29}},"26":{"start":{"line":57,"column":4},"end":{"line":57,"column":46}},"27":{"start":{"line":65,"column":13},"end":{"line":65,"column":34}},"28":{"start":{"line":66,"column":2},"end":{"line":66,"column":46}},"29":{"start":{"line":67,"column":2},"end":{"line":67,"column":25}},"30":{"start":{"line":8,"column":13},"end":{"line":8,"column":30}},"31":{"start":{"line":24,"column":13},"end":{"line":27,"column":null}},"32":{"start":{"line":31,"column":13},"end":{"line":40,"column":null}},"33":{"start":{"line":43,"column":13},"end":{"line":46,"column":null}},"34":{"start":{"line":49,"column":13},"end":{"line":60,"column":null}},"35":{"start":{"line":64,"column":13},"end":{"line":68,"column":null}},"36":{"start":{"line":8,"column":13},"end":{"line":70,"column":null}}},"fnMap":{"0":{"name":"(anonymous_9)","decl":{"start":{"line":10,"column":2},"end":{"line":10,"column":31}},"loc":{"start":{"line":10,"column":110},"end":{"line":21,"column":3}}},"1":{"name":"(anonymous_10)","decl":{"start":{"line":24,"column":13},"end":{"line":24,"column":16}},"loc":{"start":{"line":24,"column":44},"end":{"line":27,"column":null}}},"2":{"name":"(anonymous_12)","decl":{"start":{"line":31,"column":13},"end":{"line":31,"column":20}},"loc":{"start":{"line":31,"column":48},"end":{"line":40,"column":null}}},"3":{"name":"(anonymous_14)","decl":{"start":{"line":43,"column":13},"end":{"line":43,"column":19}},"loc":{"start":{"line":43,"column":47},"end":{"line":46,"column":null}}},"4":{"name":"(anonymous_16)","decl":{"start":{"line":49,"column":13},"end":{"line":49,"column":19}},"loc":{"start":{"line":49,"column":47},"end":{"line":60,"column":null}}},"5":{"name":"(anonymous_18)","decl":{"start":{"line":64,"column":13},"end":{"line":64,"column":19}},"loc":{"start":{"line":64,"column":47},"end":{"line":68,"column":null}}}},"branchMap":{"0":{"loc":{"start":{"line":35,"column":2},"end":{"line":39,"column":null}},"type":"if","locations":[{"start":{"line":35,"column":2},"end":{"line":39,"column":null}},{"start":{"line":37,"column":9},"end":{"line":39,"column":null}}]},"1":{"loc":{"start":{"line":52,"column":2},"end":{"line":58,"column":null}},"type":"if","locations":[{"start":{"line":52,"column":2},"end":{"line":58,"column":null}},{"start":{"line":54,"column":9},"end":{"line":58,"column":null}}]}},"s":{"0":1,"1":1,"2":1,"3":1,"4":1,"5":1,"6":1,"7":1,"8":1,"9":1,"10":1,"11":1,"12":1,"13":1,"14":1,"15":1,"16":1,"17":1,"18":1,"19":0,"20":1,"21":1,"22":0,"23":0,"24":0,"25":0,"26":0,"27":0,"28":0,"29":0,"30":1,"31":1,"32":1,"33":1,"34":1,"35":1,"36":1},"f":{"0":1,"1":1,"2":1,"3":1,"4":0,"5":0},"b":{"0":[1,0],"1":[0,0]}}
,"C:\\Users\\MIGUEL\\Desktop\\NODE_HEXAGONAL\\alumno\\api-hexagonal\\src\\adapters\\controllers\\UserController.ts": {"path":"C:\\Users\\MIGUEL\\Desktop\\NODE_HEXAGONAL\\alumno\\api-hexagonal\\src\\adapters\\controllers\\UserController.ts","statementMap":{"0":{"start":{"line":2,"column":0},"end":{"line":2,"column":45}},"1":{"start":{"line":3,"column":0},"end":{"line":3,"column":52}},"2":{"start":{"line":4,"column":0},"end":{"line":4,"column":68}},"3":{"start":{"line":8,"column":7},"end":{"line":72,"column":null}},"4":{"start":{"line":11,"column":31},"end":{"line":11,"column":44}},"5":{"start":{"line":12,"column":4},"end":{"line":12,"column":27}},"6":{"start":{"line":14,"column":4},"end":{"line":14,"column":54}},"7":{"start":{"line":15,"column":4},"end":{"line":15,"column":null}},"8":{"start":{"line":21,"column":4},"end":{"line":37,"column":null}},"9":{"start":{"line":22,"column":37},"end":{"line":22,"column":45}},"10":{"start":{"line":24,"column":6},"end":{"line":26,"column":null}},"11":{"start":{"line":25,"column":8},"end":{"line":25,"column":85}},"12":{"start":{"line":27,"column":19},"end":{"line":27,"column":85}},"13":{"start":{"line":29,"column":6},"end":{"line":31,"column":null}},"14":{"start":{"line":30,"column":8},"end":{"line":30,"column":68}},"15":{"start":{"line":32,"column":20},"end":{"line":32,"column":56}},"16":{"start":{"line":33,"column":6},"end":{"line":33,"column":38}},"17":{"start":{"line":36,"column":6},"end":{"line":36,"column":69}},"18":{"start":{"line":43,"column":4},"end":{"line":68,"column":null}},"19":{"start":{"line":44,"column":43},"end":{"line":44,"column":51}},"20":{"start":{"line":46,"column":6},"end":{"line":48,"column":null}},"21":{"start":{"line":47,"column":8},"end":{"line":47,"column":84}},"22":{"start":{"line":50,"column":29},"end":{"line":50,"column":68}},"23":{"start":{"line":52,"column":29},"end":{"line":56,"column":8}},"24":{"start":{"line":63,"column":6},"end":{"line":63,"column":51}},"25":{"start":{"line":64,"column":6},"end":{"line":64,"column":77}},"26":{"start":{"line":66,"column":26},"end":{"line":66,"column":null}},"27":{"start":{"line":67,"column":6},"end":{"line":67,"column":68}},"28":{"start":{"line":8,"column":13},"end":{"line":8,"column":27}},"29":{"start":{"line":20,"column":15},"end":{"line":38,"column":null}},"30":{"start":{"line":42,"column":15},"end":{"line":69,"column":null}},"31":{"start":{"line":8,"column":13},"end":{"line":72,"column":null}},"32":{"start":{"line":79,"column":38},"end":{"line":79,"column":37617}},"33":{"start":{"line":79,"column":42},"end":{"line":79,"column":37606}},"34":{"start":{"line":79,"column":37655},"end":{"line":79,"column":37695}},"35":{"start":{"line":79,"column":37659},"end":{"line":79,"column":37684}},"36":{"start":{"line":79,"column":37696},"end":{"line":79,"column":37705}},"37":{"start":{"line":79,"column":37706},"end":{"line":79,"column":37712}},"38":{"start":{"line":79,"column":37748},"end":{"line":79,"column":37790}},"39":{"start":{"line":79,"column":37752},"end":{"line":79,"column":37779}},"40":{"start":{"line":79,"column":37791},"end":{"line":79,"column":37800}},"41":{"start":{"line":79,"column":37801},"end":{"line":79,"column":37807}},"42":{"start":{"line":79,"column":37824},"end":{"line":79,"column":37861}},"43":{"start":{"line":79,"column":37828},"end":{"line":79,"column":37850}},"44":{"start":{"line":79,"column":37863},"end":{"line":79,"column":37869}},"45":{"start":{"line":79,"column":37886},"end":{"line":79,"column":37926}},"46":{"start":{"line":79,"column":37890},"end":{"line":79,"column":37915}},"47":{"start":{"line":79,"column":37928},"end":{"line":79,"column":37934}}},"fnMap":{"0":{"name":"(anonymous_9)","decl":{"start":{"line":11,"column":2},"end":{"line":11,"column":31}},"loc":{"start":{"line":11,"column":55},"end":{"line":16,"column":3}}},"1":{"name":"(anonymous_10)","decl":{"start":{"line":20,"column":15},"end":{"line":20,"column":20}},"loc":{"start":{"line":20,"column":48},"end":{"line":38,"column":null}}},"2":{"name":"(anonymous_12)","decl":{"start":{"line":42,"column":15},"end":{"line":42,"column":23}},"loc":{"start":{"line":42,"column":52},"end":{"line":69,"column":null}}},"3":{"name":"oo_cm","decl":{"start":{"line":79,"column":30},"end":{"line":79,"column":35}},"loc":{"start":{"line":79,"column":35},"end":{"line":79,"column":37618}}},"4":{"name":"oo_oo","decl":{"start":{"line":79,"column":37628},"end":{"line":79,"column":37633}},"loc":{"start":{"line":79,"column":37653},"end":{"line":79,"column":37705}}},"5":{"name":"oo_tr","decl":{"start":{"line":79,"column":37721},"end":{"line":79,"column":37726}},"loc":{"start":{"line":79,"column":37746},"end":{"line":79,"column":37800}}},"6":{"name":"oo_ts","decl":{"start":{"line":79,"column":37816},"end":{"line":79,"column":37821}},"loc":{"start":{"line":79,"column":37821},"end":{"line":79,"column":37862}}},"7":{"name":"oo_te","decl":{"start":{"line":79,"column":37878},"end":{"line":79,"column":37883}},"loc":{"start":{"line":79,"column":37883},"end":{"line":79,"column":37927}}}},"branchMap":{"0":{"loc":{"start":{"line":24,"column":6},"end":{"line":26,"column":null}},"type":"if","locations":[{"start":{"line":24,"column":6},"end":{"line":26,"column":null}}]},"1":{"loc":{"start":{"line":24,"column":9},"end":{"line":24,"column":31}},"type":"binary-expr","locations":[{"start":{"line":24,"column":9},"end":{"line":24,"column":18}},{"start":{"line":24,"column":22},"end":{"line":24,"column":31}}]},"2":{"loc":{"start":{"line":29,"column":6},"end":{"line":31,"column":null}},"type":"if","locations":[{"start":{"line":29,"column":6},"end":{"line":31,"column":null}}]},"3":{"loc":{"start":{"line":46,"column":6},"end":{"line":48,"column":null}},"type":"if","locations":[{"start":{"line":46,"column":6},"end":{"line":48,"column":null}}]},"4":{"loc":{"start":{"line":46,"column":9},"end":{"line":46,"column":31}},"type":"binary-expr","locations":[{"start":{"line":46,"column":9},"end":{"line":46,"column":18}},{"start":{"line":46,"column":22},"end":{"line":46,"column":31}}]},"5":{"loc":{"start":{"line":79,"column":49},"end":{"line":79,"column":37605}},"type":"binary-expr","locations":[{"start":{"line":79,"column":49},"end":{"line":79,"column":86}},{"start":{"line":79,"column":90},"end":{"line":79,"column":37605}}]}},"s":{"0":1,"1":1,"2":1,"3":1,"4":1,"5":1,"6":1,"7":1,"8":3,"9":3,"10":3,"11":0,"12":3,"13":3,"14":0,"15":3,"16":3,"17":0,"18":0,"19":0,"20":0,"21":0,"22":0,"23":0,"24":0,"25":0,"26":0,"27":0,"28":1,"29":1,"30":1,"31":1,"32":0,"33":0,"34":0,"35":0,"36":0,"37":1,"38":0,"39":0,"40":0,"41":1,"42":0,"43":0,"44":1,"45":0,"46":0,"47":1},"f":{"0":1,"1":3,"2":0,"3":0,"4":0,"5":0,"6":0,"7":0},"b":{"0":[0],"1":[3,3],"2":[0],"3":[0],"4":[0,0],"5":[0,0]}}
,"C:\\Users\\MIGUEL\\Desktop\\NODE_HEXAGONAL\\alumno\\api-hexagonal\\src\\adapters\\middleware\\AuthMiddleware.ts": {"path":"C:\\Users\\MIGUEL\\Desktop\\NODE_HEXAGONAL\\alumno\\api-hexagonal\\src\\adapters\\middleware\\AuthMiddleware.ts","statementMap":{"0":{"start":{"line":5,"column":22},"end":{"line":5,"column":46}},"1":{"start":{"line":8,"column":23},"end":{"line":8,"column":58}},"2":{"start":{"line":10,"column":4},"end":{"line":12,"column":null}},"3":{"start":{"line":11,"column":6},"end":{"line":11,"column":47}},"4":{"start":{"line":15,"column":18},"end":{"line":15,"column":42}},"5":{"start":{"line":16,"column":4},"end":{"line":22,"column":null}},"6":{"start":{"line":17,"column":26},"end":{"line":17,"column":63}},"7":{"start":{"line":18,"column":6},"end":{"line":18,"column":29}},"8":{"start":{"line":19,"column":6},"end":{"line":19,"column":13}},"9":{"start":{"line":21,"column":6},"end":{"line":21,"column":47}},"10":{"start":{"line":26,"column":4},"end":{"line":31,"column":null}},"11":{"start":{"line":27,"column":6},"end":{"line":29,"column":null}},"12":{"start":{"line":28,"column":8},"end":{"line":28,"column":49}},"13":{"start":{"line":30,"column":6},"end":{"line":30,"column":13}},"14":{"start":{"line":4,"column":0},"end":{"line":4,"column":13}}},"fnMap":{"0":{"name":"(anonymous_0)","decl":{"start":{"line":5,"column":2},"end":{"line":5,"column":22}},"loc":{"start":{"line":5,"column":46},"end":{"line":5,"column":50}}},"1":{"name":"(anonymous_1)","decl":{"start":{"line":7,"column":9},"end":{"line":7,"column":24}},"loc":{"start":{"line":7,"column":72},"end":{"line":23,"column":3}}},"2":{"name":"(anonymous_2)","decl":{"start":{"line":25,"column":9},"end":{"line":25,"column":22}},"loc":{"start":{"line":25,"column":43},"end":{"line":32,"column":3}}},"3":{"name":"(anonymous_3)","decl":{"start":{"line":26,"column":11},"end":{"line":26,"column":12}},"loc":{"start":{"line":26,"column":63},"end":{"line":31,"column":5}}}},"branchMap":{"0":{"loc":{"start":{"line":10,"column":4},"end":{"line":12,"column":null}},"type":"if","locations":[{"start":{"line":10,"column":4},"end":{"line":12,"column":null}}]},"1":{"loc":{"start":{"line":27,"column":6},"end":{"line":29,"column":null}},"type":"if","locations":[{"start":{"line":27,"column":6},"end":{"line":29,"column":null}}]},"2":{"loc":{"start":{"line":27,"column":9},"end":{"line":27,"column":76}},"type":"binary-expr","locations":[{"start":{"line":27,"column":9},"end":{"line":27,"column":18}},{"start":{"line":27,"column":22},"end":{"line":27,"column":76}}]}},"s":{"0":1,"1":3,"2":3,"3":0,"4":3,"5":3,"6":3,"7":3,"8":3,"9":0,"10":3,"11":1,"12":0,"13":1,"14":1},"f":{"0":1,"1":3,"2":3,"3":1},"b":{"0":[0],"1":[0],"2":[1,1]}}
,"C:\\Users\\MIGUEL\\Desktop\\NODE_HEXAGONAL\\alumno\\api-hexagonal\\src\\application\\service\\AuthService.ts": {"path":"C:\\Users\\MIGUEL\\Desktop\\NODE_HEXAGONAL\\alumno\\api-hexagonal\\src\\application\\service\\AuthService.ts","statementMap":{"0":{"start":{"line":5,"column":0},"end":{"line":5,"column":25}},"1":{"start":{"line":6,"column":0},"end":{"line":6,"column":31}},"2":{"start":{"line":11,"column":22},"end":{"line":11,"column":53}},"3":{"start":{"line":13,"column":4},"end":{"line":13,"column":62}},"4":{"start":{"line":17,"column":4},"end":{"line":23,"column":null}},"5":{"start":{"line":18,"column":19},"end":{"line":18,"column":61}},"6":{"start":{"line":19,"column":26},"end":{"line":19,"column":69}},"7":{"start":{"line":20,"column":6},"end":{"line":20,"column":18}},"8":{"start":{"line":22,"column":6},"end":{"line":22,"column":null}},"9":{"start":{"line":27,"column":4},"end":{"line":29,"column":null}},"10":{"start":{"line":28,"column":6},"end":{"line":28,"column":51}},"11":{"start":{"line":33,"column":4},"end":{"line":33,"column":38}},"12":{"start":{"line":37,"column":3},"end":{"line":43,"column":null}},"13":{"start":{"line":38,"column":27},"end":{"line":38,"column":71}},"14":{"start":{"line":39,"column":24},"end":{"line":39,"column":77}},"15":{"start":{"line":40,"column":4},"end":{"line":40,"column":26}},"16":{"start":{"line":42,"column":4},"end":{"line":42,"column":null}},"17":{"start":{"line":47,"column":4},"end":{"line":62,"column":null}},"18":{"start":{"line":48,"column":20},"end":{"line":57,"column":null}},"19":{"start":{"line":59,"column":6},"end":{"line":59,"column":19}},"20":{"start":{"line":61,"column":6},"end":{"line":61,"column":null}},"21":{"start":{"line":65,"column":5},"end":{"line":76,"column":null}},"22":{"start":{"line":66,"column":29},"end":{"line":66,"column":56}},"23":{"start":{"line":67,"column":19},"end":{"line":67,"column":73}},"24":{"start":{"line":69,"column":6},"end":{"line":71,"column":null}},"25":{"start":{"line":70,"column":8},"end":{"line":70,"column":20}},"26":{"start":{"line":72,"column":6},"end":{"line":72,"column":18}},"27":{"start":{"line":75,"column":6},"end":{"line":75,"column":67}},"28":{"start":{"line":79,"column":4},"end":{"line":92,"column":null}},"29":{"start":{"line":81,"column":27},"end":{"line":81,"column":86}},"30":{"start":{"line":83,"column":6},"end":{"line":85,"column":null}},"31":{"start":{"line":84,"column":8},"end":{"line":84,"column":null}},"32":{"start":{"line":88,"column":6},"end":{"line":88,"column":49}},"33":{"start":{"line":91,"column":6},"end":{"line":91,"column":52}},"34":{"start":{"line":7,"column":0},"end":{"line":7,"column":13}},"35":{"start":{"line":102,"column":38},"end":{"line":102,"column":37617}},"36":{"start":{"line":102,"column":42},"end":{"line":102,"column":37606}},"37":{"start":{"line":102,"column":37655},"end":{"line":102,"column":37695}},"38":{"start":{"line":102,"column":37659},"end":{"line":102,"column":37684}},"39":{"start":{"line":102,"column":37696},"end":{"line":102,"column":37705}},"40":{"start":{"line":102,"column":37706},"end":{"line":102,"column":37712}},"41":{"start":{"line":102,"column":37748},"end":{"line":102,"column":37790}},"42":{"start":{"line":102,"column":37752},"end":{"line":102,"column":37779}},"43":{"start":{"line":102,"column":37791},"end":{"line":102,"column":37800}},"44":{"start":{"line":102,"column":37801},"end":{"line":102,"column":37807}},"45":{"start":{"line":102,"column":37824},"end":{"line":102,"column":37861}},"46":{"start":{"line":102,"column":37828},"end":{"line":102,"column":37850}},"47":{"start":{"line":102,"column":37863},"end":{"line":102,"column":37869}},"48":{"start":{"line":102,"column":37886},"end":{"line":102,"column":37926}},"49":{"start":{"line":102,"column":37890},"end":{"line":102,"column":37915}},"50":{"start":{"line":102,"column":37928},"end":{"line":102,"column":37934}}},"fnMap":{"0":{"name":"(anonymous_8)","decl":{"start":{"line":11,"column":2},"end":{"line":11,"column":22}},"loc":{"start":{"line":11,"column":53},"end":{"line":14,"column":3}}},"1":{"name":"(anonymous_9)","decl":{"start":{"line":16,"column":2},"end":{"line":16,"column":15}},"loc":{"start":{"line":16,"column":29},"end":{"line":24,"column":3}}},"2":{"name":"(anonymous_10)","decl":{"start":{"line":26,"column":2},"end":{"line":26,"column":14}},"loc":{"start":{"line":26,"column":48},"end":{"line":34,"column":3}}},"3":{"name":"(anonymous_11)","decl":{"start":{"line":36,"column":2},"end":{"line":36,"column":14}},"loc":{"start":{"line":36,"column":31},"end":{"line":44,"column":3}}},"4":{"name":"(anonymous_12)","decl":{"start":{"line":46,"column":2},"end":{"line":46,"column":15}},"loc":{"start":{"line":46,"column":27},"end":{"line":63,"column":3}}},"5":{"name":"(anonymous_13)","decl":{"start":{"line":64,"column":8},"end":{"line":64,"column":31}},"loc":{"start":{"line":64,"column":66},"end":{"line":77,"column":null}}},"6":{"name":"(anonymous_15)","decl":{"start":{"line":78,"column":8},"end":{"line":78,"column":20}},"loc":{"start":{"line":78,"column":32},"end":{"line":93,"column":null}}},"7":{"name":"oo_cm","decl":{"start":{"line":102,"column":30},"end":{"line":102,"column":35}},"loc":{"start":{"line":102,"column":35},"end":{"line":102,"column":37618}}},"8":{"name":"oo_oo","decl":{"start":{"line":102,"column":37628},"end":{"line":102,"column":37633}},"loc":{"start":{"line":102,"column":37653},"end":{"line":102,"column":37705}}},"9":{"name":"oo_tr","decl":{"start":{"line":102,"column":37721},"end":{"line":102,"column":37726}},"loc":{"start":{"line":102,"column":37746},"end":{"line":102,"column":37800}}},"10":{"name":"oo_ts","decl":{"start":{"line":102,"column":37816},"end":{"line":102,"column":37821}},"loc":{"start":{"line":102,"column":37821},"end":{"line":102,"column":37862}}},"11":{"name":"oo_te","decl":{"start":{"line":102,"column":37878},"end":{"line":102,"column":37883}},"loc":{"start":{"line":102,"column":37883},"end":{"line":102,"column":37927}}}},"branchMap":{"0":{"loc":{"start":{"line":13,"column":21},"end":{"line":13,"column":61}},"type":"binary-expr","locations":[{"start":{"line":13,"column":21},"end":{"line":13,"column":43}},{"start":{"line":13,"column":47},"end":{"line":13,"column":61}}]},"1":{"loc":{"start":{"line":27,"column":4},"end":{"line":29,"column":null}},"type":"if","locations":[{"start":{"line":27,"column":4},"end":{"line":29,"column":null}}]},"2":{"loc":{"start":{"line":69,"column":6},"end":{"line":71,"column":null}},"type":"if","locations":[{"start":{"line":69,"column":6},"end":{"line":71,"column":null}}]},"3":{"loc":{"start":{"line":69,"column":9},"end":{"line":69,"column":49}},"type":"binary-expr","locations":[{"start":{"line":69,"column":9},"end":{"line":69,"column":13}},{"start":{"line":69,"column":17},"end":{"line":69,"column":49}}]},"4":{"loc":{"start":{"line":83,"column":6},"end":{"line":85,"column":null}},"type":"if","locations":[{"start":{"line":83,"column":6},"end":{"line":85,"column":null}}]},"5":{"loc":{"start":{"line":102,"column":49},"end":{"line":102,"column":37605}},"type":"binary-expr","locations":[{"start":{"line":102,"column":49},"end":{"line":102,"column":86}},{"start":{"line":102,"column":90},"end":{"line":102,"column":37605}}]}},"s":{"0":1,"1":1,"2":1,"3":1,"4":3,"5":3,"6":3,"7":3,"8":0,"9":1,"10":0,"11":1,"12":3,"13":3,"14":3,"15":3,"16":0,"17":3,"18":3,"19":3,"20":0,"21":3,"22":3,"23":3,"24":3,"25":3,"26":0,"27":0,"28":0,"29":0,"30":0,"31":0,"32":0,"33":0,"34":1,"35":6,"36":6,"37":6,"38":6,"39":6,"40":1,"41":0,"42":0,"43":0,"44":1,"45":0,"46":0,"47":1,"48":0,"49":0,"50":1},"f":{"0":1,"1":3,"2":1,"3":3,"4":3,"5":3,"6":0,"7":6,"8":6,"9":0,"10":0,"11":0},"b":{"0":[1,1],"1":[0],"2":[3],"3":[3,3],"4":[0],"5":[6,0]}}
,"C:\\Users\\MIGUEL\\Desktop\\NODE_HEXAGONAL\\alumno\\api-hexagonal\\src\\application\\service\\StudentService.ts": {"path":"C:\\Users\\MIGUEL\\Desktop\\NODE_HEXAGONAL\\alumno\\api-hexagonal\\src\\application\\service\\StudentService.ts","statementMap":{"0":{"start":{"line":7,"column":31},"end":{"line":7,"column":68}},"1":{"start":{"line":10,"column":4},"end":{"line":10,"column":44}},"2":{"start":{"line":13,"column":4},"end":{"line":13,"column":47}},"3":{"start":{"line":16,"column":4},"end":{"line":16,"column":50}},"4":{"start":{"line":19,"column":4},"end":{"line":19,"column":54}},"5":{"start":{"line":22,"column":4},"end":{"line":22,"column":45}},"6":{"start":{"line":5,"column":0},"end":{"line":5,"column":13}}},"fnMap":{"0":{"name":"(anonymous_0)","decl":{"start":{"line":7,"column":2},"end":{"line":7,"column":31}},"loc":{"start":{"line":7,"column":68},"end":{"line":7,"column":72}}},"1":{"name":"(anonymous_1)","decl":{"start":{"line":9,"column":2},"end":{"line":9,"column":16}},"loc":{"start":{"line":9,"column":16},"end":{"line":11,"column":3}}},"2":{"name":"(anonymous_2)","decl":{"start":{"line":12,"column":2},"end":{"line":12,"column":16}},"loc":{"start":{"line":12,"column":27},"end":{"line":14,"column":3}}},"3":{"name":"(anonymous_3)","decl":{"start":{"line":15,"column":2},"end":{"line":15,"column":15}},"loc":{"start":{"line":15,"column":45},"end":{"line":17,"column":3}}},"4":{"name":"(anonymous_4)","decl":{"start":{"line":18,"column":2},"end":{"line":18,"column":15}},"loc":{"start":{"line":18,"column":54},"end":{"line":20,"column":3}}},"5":{"name":"(anonymous_5)","decl":{"start":{"line":21,"column":2},"end":{"line":21,"column":15}},"loc":{"start":{"line":21,"column":26},"end":{"line":23,"column":3}}}},"branchMap":{},"s":{"0":1,"1":1,"2":1,"3":1,"4":0,"5":0,"6":1},"f":{"0":1,"1":1,"2":1,"3":1,"4":0,"5":0},"b":{}}
,"C:\\Users\\MIGUEL\\Desktop\\NODE_HEXAGONAL\\alumno\\api-hexagonal\\src\\infrastructure\\db\\MysqlConnection.ts": {"path":"C:\\Users\\MIGUEL\\Desktop\\NODE_HEXAGONAL\\alumno\\api-hexagonal\\src\\infrastructure\\db\\MysqlConnection.ts","statementMap":{"0":{"start":{"line":1,"column":0},"end":{"line":1,"column":45}},"1":{"start":{"line":7,"column":22},"end":{"line":7,"column":49}},"2":{"start":{"line":8,"column":4},"end":{"line":8,"column":48}},"3":{"start":{"line":12,"column":4},"end":{"line":17,"column":null}},"4":{"start":{"line":13,"column":26},"end":{"line":13,"column":92}},"5":{"start":{"line":14,"column":6},"end":{"line":14,"column":45}},"6":{"start":{"line":16,"column":6},"end":{"line":16,"column":67}},"7":{"start":{"line":3,"column":0},"end":{"line":3,"column":13}},"8":{"start":{"line":27,"column":38},"end":{"line":27,"column":37617}},"9":{"start":{"line":27,"column":42},"end":{"line":27,"column":37606}},"10":{"start":{"line":27,"column":37655},"end":{"line":27,"column":37695}},"11":{"start":{"line":27,"column":37659},"end":{"line":27,"column":37684}},"12":{"start":{"line":27,"column":37696},"end":{"line":27,"column":37705}},"13":{"start":{"line":27,"column":37706},"end":{"line":27,"column":37712}},"14":{"start":{"line":27,"column":37748},"end":{"line":27,"column":37790}},"15":{"start":{"line":27,"column":37752},"end":{"line":27,"column":37779}},"16":{"start":{"line":27,"column":37791},"end":{"line":27,"column":37800}},"17":{"start":{"line":27,"column":37801},"end":{"line":27,"column":37807}},"18":{"start":{"line":27,"column":37824},"end":{"line":27,"column":37861}},"19":{"start":{"line":27,"column":37828},"end":{"line":27,"column":37850}},"20":{"start":{"line":27,"column":37863},"end":{"line":27,"column":37869}},"21":{"start":{"line":27,"column":37886},"end":{"line":27,"column":37926}},"22":{"start":{"line":27,"column":37890},"end":{"line":27,"column":37915}},"23":{"start":{"line":27,"column":37928},"end":{"line":27,"column":37934}}},"fnMap":{"0":{"name":"(anonymous_8)","decl":{"start":{"line":7,"column":2},"end":{"line":7,"column":22}},"loc":{"start":{"line":7,"column":49},"end":{"line":9,"column":3}}},"1":{"name":"(anonymous_9)","decl":{"start":{"line":11,"column":8},"end":{"line":11,"column":21}},"loc":{"start":{"line":11,"column":21},"end":{"line":18,"column":null}}},"2":{"name":"oo_cm","decl":{"start":{"line":27,"column":30},"end":{"line":27,"column":35}},"loc":{"start":{"line":27,"column":35},"end":{"line":27,"column":37618}}},"3":{"name":"oo_oo","decl":{"start":{"line":27,"column":37628},"end":{"line":27,"column":37633}},"loc":{"start":{"line":27,"column":37653},"end":{"line":27,"column":37705}}},"4":{"name":"oo_tr","decl":{"start":{"line":27,"column":37721},"end":{"line":27,"column":37726}},"loc":{"start":{"line":27,"column":37746},"end":{"line":27,"column":37800}}},"5":{"name":"oo_ts","decl":{"start":{"line":27,"column":37816},"end":{"line":27,"column":37821}},"loc":{"start":{"line":27,"column":37821},"end":{"line":27,"column":37862}}},"6":{"name":"oo_te","decl":{"start":{"line":27,"column":37878},"end":{"line":27,"column":37883}},"loc":{"start":{"line":27,"column":37883},"end":{"line":27,"column":37927}}}},"branchMap":{"0":{"loc":{"start":{"line":27,"column":49},"end":{"line":27,"column":37605}},"type":"binary-expr","locations":[{"start":{"line":27,"column":49},"end":{"line":27,"column":86}},{"start":{"line":27,"column":90},"end":{"line":27,"column":37605}}]}},"s":{"0":1,"1":1,"2":1,"3":6,"4":6,"5":6,"6":0,"7":1,"8":6,"9":6,"10":6,"11":6,"12":6,"13":1,"14":0,"15":0,"16":0,"17":1,"18":0,"19":0,"20":1,"21":0,"22":0,"23":1},"f":{"0":1,"1":6,"2":6,"3":6,"4":0,"5":0,"6":0},"b":{"0":[6,0]}}
,"C:\\Users\\MIGUEL\\Desktop\\NODE_HEXAGONAL\\alumno\\api-hexagonal\\src\\infrastructure\\repositories\\MysqlStudentRepository.ts": {"path":"C:\\Users\\MIGUEL\\Desktop\\NODE_HEXAGONAL\\alumno\\api-hexagonal\\src\\infrastructure\\repositories\\MysqlStudentRepository.ts","statementMap":{"0":{"start":{"line":8,"column":31},"end":{"line":8,"column":60}},"1":{"start":{"line":11,"column":4},"end":{"line":11,"column":45}},"2":{"start":{"line":15,"column":23},"end":{"line":15,"column":49}},"3":{"start":{"line":16,"column":19},"end":{"line":16,"column":69}},"4":{"start":{"line":17,"column":4},"end":{"line":17,"column":30}},"5":{"start":{"line":21,"column":23},"end":{"line":21,"column":49}},"6":{"start":{"line":22,"column":19},"end":{"line":22,"column":105}},"7":{"start":{"line":24,"column":4},"end":{"line":26,"column":null}},"8":{"start":{"line":25,"column":6},"end":{"line":25,"column":18}},"9":{"start":{"line":27,"column":4},"end":{"line":27,"column":42}},"10":{"start":{"line":33,"column":23},"end":{"line":33,"column":49}},"11":{"start":{"line":34,"column":21},"end":{"line":34,"column":141}},"12":{"start":{"line":35,"column":15},"end":{"line":35,"column":30}},"13":{"start":{"line":38,"column":4},"end":{"line":38,"column":40}},"14":{"start":{"line":44,"column":23},"end":{"line":44,"column":49}},"15":{"start":{"line":46,"column":28},"end":{"line":46,"column":51}},"16":{"start":{"line":49,"column":4},"end":{"line":51,"column":null}},"17":{"start":{"line":50,"column":6},"end":{"line":50,"column":43}},"18":{"start":{"line":52,"column":4},"end":{"line":52,"column":116}},"19":{"start":{"line":53,"column":27},"end":{"line":53,"column":50}},"20":{"start":{"line":55,"column":4},"end":{"line":57,"column":null}},"21":{"start":{"line":56,"column":6},"end":{"line":56,"column":43}},"22":{"start":{"line":58,"column":4},"end":{"line":58,"column":26}},"23":{"start":{"line":66,"column":23},"end":{"line":66,"column":49}},"24":{"start":{"line":67,"column":4},"end":{"line":67,"column":72}},"25":{"start":{"line":6,"column":0},"end":{"line":6,"column":13}}},"fnMap":{"0":{"name":"(anonymous_7)","decl":{"start":{"line":8,"column":2},"end":{"line":8,"column":31}},"loc":{"start":{"line":8,"column":60},"end":{"line":8,"column":64}}},"1":{"name":"(anonymous_8)","decl":{"start":{"line":10,"column":16},"end":{"line":10,"column":29}},"loc":{"start":{"line":10,"column":29},"end":{"line":12,"column":null}}},"2":{"name":"(anonymous_10)","decl":{"start":{"line":14,"column":8},"end":{"line":14,"column":15}},"loc":{"start":{"line":14,"column":15},"end":{"line":18,"column":null}}},"3":{"name":"(anonymous_12)","decl":{"start":{"line":20,"column":8},"end":{"line":20,"column":16}},"loc":{"start":{"line":20,"column":27},"end":{"line":28,"column":null}}},"4":{"name":"(anonymous_14)","decl":{"start":{"line":32,"column":8},"end":{"line":32,"column":14}},"loc":{"start":{"line":32,"column":44},"end":{"line":40,"column":null}}},"5":{"name":"(anonymous_16)","decl":{"start":{"line":42,"column":8},"end":{"line":42,"column":14}},"loc":{"start":{"line":42,"column":53},"end":{"line":63,"column":null}}},"6":{"name":"(anonymous_18)","decl":{"start":{"line":65,"column":8},"end":{"line":65,"column":14}},"loc":{"start":{"line":65,"column":25},"end":{"line":68,"column":null}}}},"branchMap":{"0":{"loc":{"start":{"line":24,"column":4},"end":{"line":26,"column":null}},"type":"if","locations":[{"start":{"line":24,"column":4},"end":{"line":26,"column":null}}]},"1":{"loc":{"start":{"line":49,"column":4},"end":{"line":51,"column":null}},"type":"if","locations":[{"start":{"line":49,"column":4},"end":{"line":51,"column":null}}]},"2":{"loc":{"start":{"line":55,"column":4},"end":{"line":57,"column":null}},"type":"if","locations":[{"start":{"line":55,"column":4},"end":{"line":57,"column":null}}]}},"s":{"0":1,"1":3,"2":1,"3":1,"4":1,"5":1,"6":1,"7":1,"8":0,"9":1,"10":1,"11":1,"12":1,"13":1,"14":0,"15":0,"16":0,"17":0,"18":0,"19":0,"20":0,"21":0,"22":0,"23":0,"24":0,"25":1},"f":{"0":1,"1":3,"2":1,"3":1,"4":1,"5":0,"6":0},"b":{"0":[0],"1":[0],"2":[0]}}
,"C:\\Users\\MIGUEL\\Desktop\\NODE_HEXAGONAL\\alumno\\api-hexagonal\\src\\infrastructure\\repositories\\MysqlUserRepository.ts": {"path":"C:\\Users\\MIGUEL\\Desktop\\NODE_HEXAGONAL\\alumno\\api-hexagonal\\src\\infrastructure\\repositories\\MysqlUserRepository.ts","statementMap":{"0":{"start":{"line":9,"column":22},"end":{"line":9,"column":51}},"1":{"start":{"line":15,"column":17},"end":{"line":15,"column":56}},"2":{"start":{"line":16,"column":4},"end":{"line":25,"column":null}},"3":{"start":{"line":17,"column":21},"end":{"line":17,"column":124}},"4":{"start":{"line":19,"column":6},"end":{"line":21,"column":null}},"5":{"start":{"line":20,"column":8},"end":{"line":20,"column":32}},"6":{"start":{"line":22,"column":6},"end":{"line":22,"column":18}},"7":{"start":{"line":24,"column":6},"end":{"line":24,"column":21}},"8":{"start":{"line":28,"column":17},"end":{"line":28,"column":56}},"9":{"start":{"line":30,"column":4},"end":{"line":41,"column":null}},"10":{"start":{"line":31,"column":23},"end":{"line":31,"column":161}},"11":{"start":{"line":33,"column":17},"end":{"line":33,"column":32}},"12":{"start":{"line":35,"column":6},"end":{"line":38,"column":null}},"13":{"start":{"line":40,"column":6},"end":{"line":40,"column":21}},"14":{"start":{"line":7,"column":0},"end":{"line":7,"column":13}}},"fnMap":{"0":{"name":"(anonymous_7)","decl":{"start":{"line":9,"column":2},"end":{"line":9,"column":22}},"loc":{"start":{"line":9,"column":51},"end":{"line":11,"column":3}}},"1":{"name":"(anonymous_8)","decl":{"start":{"line":13,"column":15},"end":{"line":13,"column":33}},"loc":{"start":{"line":13,"column":50},"end":{"line":26,"column":null}}},"2":{"name":"(anonymous_10)","decl":{"start":{"line":27,"column":15},"end":{"line":27,"column":25}},"loc":{"start":{"line":27,"column":49},"end":{"line":42,"column":null}}}},"branchMap":{"0":{"loc":{"start":{"line":19,"column":6},"end":{"line":21,"column":null}},"type":"if","locations":[{"start":{"line":19,"column":6},"end":{"line":21,"column":null}}]}},"s":{"0":1,"1":3,"2":3,"3":3,"4":3,"5":3,"6":0,"7":3,"8":0,"9":0,"10":0,"11":0,"12":0,"13":0,"14":1},"f":{"0":1,"1":3,"2":0},"b":{"0":[3]}}
}
