TN:
SF:src\application\service\AuthService.ts
FN:11,(anonymous_8)
FN:16,(anonymous_9)
FN:26,(anonymous_10)
FN:36,(anonymous_11)
FN:46,(anonymous_12)
FN:64,(anonymous_13)
FN:78,(anonymous_15)
FN:102,oo_cm
FN:102,oo_oo
FN:102,oo_tr
FN:102,oo_ts
FN:102,oo_te
FNF:12
FNH:4
FNDA:1,(anonymous_8)
FNDA:1,(anonymous_9)
FNDA:3,(anonymous_10)
FNDA:0,(anonymous_11)
FNDA:0,(anonymous_12)
FNDA:1,(anonymous_13)
FNDA:0,(anonymous_15)
FNDA:0,oo_cm
FNDA:0,oo_oo
FNDA:0,oo_tr
FNDA:0,oo_ts
FNDA:0,oo_te
DA:5,1
DA:6,1
DA:7,1
DA:11,1
DA:13,1
DA:17,1
DA:18,1
DA:19,0
DA:20,0
DA:22,1
DA:27,3
DA:28,1
DA:33,2
DA:37,0
DA:38,0
DA:39,0
DA:40,0
DA:42,0
DA:47,0
DA:48,0
DA:59,0
DA:61,0
DA:65,1
DA:66,1
DA:67,1
DA:69,1
DA:70,1
DA:72,0
DA:75,0
DA:79,0
DA:81,0
DA:83,0
DA:84,0
DA:88,0
DA:91,0
DA:102,1
LF:36
LH:17
BRDA:13,0,0,1
BRDA:13,0,1,1
BRDA:27,1,0,1
BRDA:69,2,0,1
BRDA:69,3,0,1
BRDA:69,3,1,1
BRDA:83,4,0,0
BRDA:102,5,0,0
BRDA:102,5,1,0
BRF:9
BRH:6
end_of_record
