TN:
SF:src\config.ts
FNF:0
FNH:0
DA:1,1
LF:1
LH:1
BRF:0
BRH:0
end_of_record
TN:
SF:src\server.ts
FN:40,(anonymous_1)
FN:42,(anonymous_2)
FN:48,(anonymous_3)
FN:53,(anonymous_4)
FN:64,oo_cm
FN:64,oo_oo
FN:64,oo_tr
FN:64,oo_ts
FN:64,oo_te
FNF:9
FNH:6
FNDA:4,(anonymous_1)
FNDA:4,(anonymous_2)
FNDA:4,(anonymous_3)
FNDA:1,(anonymous_4)
FNDA:1,oo_cm
FNDA:1,oo_oo
FNDA:0,oo_tr
FNDA:0,oo_ts
FNDA:0,oo_te
DA:1,1
DA:2,1
DA:3,1
DA:4,1
DA:5,1
DA:6,1
DA:7,1
DA:8,1
DA:9,1
DA:10,1
DA:11,1
DA:12,1
DA:14,1
DA:17,1
DA:21,1
DA:37,1
DA:38,1
DA:40,1
DA:41,4
DA:42,4
DA:43,4
DA:48,1
DA:49,4
DA:52,1
DA:53,1
DA:54,1
DA:57,1
DA:64,1
LF:28
LH:28
BRDA:52,0,0,1
BRDA:52,0,1,1
BRDA:64,1,0,1
BRDA:64,1,1,1
BRF:4
BRH:4
end_of_record
TN:
SF:src\adapters\controllers\StudentController.ts
FN:10,(anonymous_9)
FN:24,(anonymous_10)
FN:31,(anonymous_12)
FN:43,(anonymous_14)
FN:49,(anonymous_16)
FN:64,(anonymous_18)
FNF:6
FNH:5
FNDA:1,(anonymous_9)
FNDA:1,(anonymous_10)
FNDA:1,(anonymous_12)
FNDA:1,(anonymous_14)
FNDA:1,(anonymous_16)
FNDA:0,(anonymous_18)
DA:1,1
DA:2,1
DA:3,1
DA:4,1
DA:8,1
DA:10,1
DA:12,1
DA:15,1
DA:16,1
DA:18,1
DA:19,1
DA:20,1
DA:24,1
DA:25,1
DA:26,1
DA:31,1
DA:32,1
DA:33,1
DA:35,1
DA:36,1
DA:38,0
DA:43,1
DA:44,1
DA:45,1
DA:49,1
DA:50,1
DA:51,1
DA:52,1
DA:53,1
DA:57,0
DA:64,1
DA:65,0
DA:66,0
DA:67,0
LF:34
LH:29
BRDA:35,0,0,1
BRDA:35,0,1,0
BRDA:52,1,0,1
BRDA:52,1,1,0
BRF:4
BRH:2
end_of_record
TN:
SF:src\adapters\controllers\UserController.ts
FN:11,(anonymous_9)
FN:20,(anonymous_10)
FN:42,(anonymous_12)
FN:79,oo_cm
FN:79,oo_oo
FN:79,oo_tr
FN:79,oo_ts
FN:79,oo_te
FNF:8
FNH:2
FNDA:1,(anonymous_9)
FNDA:4,(anonymous_10)
FNDA:0,(anonymous_12)
FNDA:0,oo_cm
FNDA:0,oo_oo
FNDA:0,oo_tr
FNDA:0,oo_ts
FNDA:0,oo_te
DA:2,1
DA:3,1
DA:4,1
DA:8,1
DA:11,1
DA:12,1
DA:14,1
DA:15,1
DA:20,1
DA:21,4
DA:22,4
DA:24,4
DA:25,0
DA:27,4
DA:29,4
DA:30,0
DA:32,4
DA:33,4
DA:36,0
DA:42,1
DA:43,0
DA:44,0
DA:46,0
DA:47,0
DA:50,0
DA:52,0
DA:63,0
DA:64,0
DA:66,0
DA:67,0
DA:79,1
LF:31
LH:18
BRDA:24,0,0,0
BRDA:24,1,0,4
BRDA:24,1,1,4
BRDA:29,2,0,0
BRDA:46,3,0,0
BRDA:46,4,0,0
BRDA:46,4,1,0
BRDA:79,5,0,0
BRDA:79,5,1,0
BRF:9
BRH:2
end_of_record
TN:
SF:src\adapters\middleware\AuthMiddleware.ts
FN:5,(anonymous_0)
FN:7,(anonymous_1)
FN:25,(anonymous_2)
FN:26,(anonymous_3)
FNF:4
FNH:4
FNDA:1,(anonymous_0)
FNDA:4,(anonymous_1)
FNDA:3,(anonymous_2)
FNDA:2,(anonymous_3)
DA:4,1
DA:5,1
DA:8,4
DA:10,4
DA:11,0
DA:15,4
DA:16,4
DA:17,4
DA:18,4
DA:19,4
DA:21,0
DA:26,3
DA:27,2
DA:28,0
DA:30,2
LF:15
LH:12
BRDA:10,0,0,0
BRDA:27,1,0,0
BRDA:27,2,0,2
BRDA:27,2,1,2
BRF:4
BRH:2
end_of_record
TN:
SF:src\application\service\AuthService.ts
FN:11,(anonymous_8)
FN:16,(anonymous_9)
FN:26,(anonymous_10)
FN:36,(anonymous_11)
FN:46,(anonymous_12)
FN:64,(anonymous_13)
FN:78,(anonymous_15)
FN:102,oo_cm
FN:102,oo_oo
FN:102,oo_tr
FN:102,oo_ts
FN:102,oo_te
FNF:12
FNH:8
FNDA:1,(anonymous_8)
FNDA:4,(anonymous_9)
FNDA:2,(anonymous_10)
FNDA:4,(anonymous_11)
FNDA:4,(anonymous_12)
FNDA:4,(anonymous_13)
FNDA:0,(anonymous_15)
FNDA:8,oo_cm
FNDA:8,oo_oo
FNDA:0,oo_tr
FNDA:0,oo_ts
FNDA:0,oo_te
DA:5,1
DA:6,1
DA:7,1
DA:11,1
DA:13,1
DA:17,4
DA:18,4
DA:19,4
DA:20,4
DA:22,0
DA:27,2
DA:28,0
DA:33,2
DA:37,4
DA:38,4
DA:39,4
DA:40,4
DA:42,0
DA:47,4
DA:48,4
DA:59,4
DA:61,0
DA:65,4
DA:66,4
DA:67,4
DA:69,4
DA:70,4
DA:72,0
DA:75,0
DA:79,0
DA:81,0
DA:83,0
DA:84,0
DA:88,0
DA:91,0
DA:102,8
LF:36
LH:24
BRDA:13,0,0,1
BRDA:13,0,1,1
BRDA:27,1,0,0
BRDA:69,2,0,4
BRDA:69,3,0,4
BRDA:69,3,1,4
BRDA:83,4,0,0
BRDA:102,5,0,8
BRDA:102,5,1,0
BRF:9
BRH:6
end_of_record
TN:
SF:src\application\service\StudentService.ts
FN:7,(anonymous_0)
FN:9,(anonymous_1)
FN:12,(anonymous_2)
FN:15,(anonymous_3)
FN:18,(anonymous_4)
FN:21,(anonymous_5)
FNF:6
FNH:5
FNDA:1,(anonymous_0)
FNDA:1,(anonymous_1)
FNDA:1,(anonymous_2)
FNDA:1,(anonymous_3)
FNDA:1,(anonymous_4)
FNDA:0,(anonymous_5)
DA:5,1
DA:7,1
DA:10,1
DA:13,1
DA:16,1
DA:19,1
DA:22,0
LF:7
LH:6
BRF:0
BRH:0
end_of_record
TN:
SF:src\infrastructure\db\MysqlConnection.ts
FN:7,(anonymous_8)
FN:11,(anonymous_9)
FN:27,oo_cm
FN:27,oo_oo
FN:27,oo_tr
FN:27,oo_ts
FN:27,oo_te
FNF:7
FNH:4
FNDA:1,(anonymous_8)
FNDA:10,(anonymous_9)
FNDA:10,oo_cm
FNDA:10,oo_oo
FNDA:0,oo_tr
FNDA:0,oo_ts
FNDA:0,oo_te
DA:1,1
DA:3,1
DA:7,1
DA:8,1
DA:12,10
DA:13,10
DA:14,10
DA:16,0
DA:27,10
LF:9
LH:8
BRDA:27,0,0,10
BRDA:27,0,1,0
BRF:2
BRH:1
end_of_record
TN:
SF:src\infrastructure\repositories\MysqlStudentRepository.ts
FN:8,(anonymous_7)
FN:10,(anonymous_8)
FN:14,(anonymous_10)
FN:20,(anonymous_12)
FN:32,(anonymous_14)
FN:42,(anonymous_16)
FN:65,(anonymous_18)
FNF:7
FNH:6
FNDA:1,(anonymous_7)
FNDA:6,(anonymous_8)
FNDA:1,(anonymous_10)
FNDA:3,(anonymous_12)
FNDA:1,(anonymous_14)
FNDA:1,(anonymous_16)
FNDA:0,(anonymous_18)
DA:6,1
DA:8,1
DA:11,6
DA:15,1
DA:16,1
DA:17,1
DA:21,3
DA:22,3
DA:24,3
DA:25,0
DA:27,3
DA:33,1
DA:34,1
DA:35,1
DA:38,1
DA:44,1
DA:46,1
DA:49,1
DA:50,0
DA:52,1
DA:53,1
DA:55,1
DA:56,0
DA:58,1
DA:66,0
DA:67,0
LF:26
LH:21
BRDA:24,0,0,0
BRDA:49,1,0,0
BRDA:55,2,0,0
BRF:3
BRH:0
end_of_record
TN:
SF:src\infrastructure\repositories\MysqlUserRepository.ts
FN:9,(anonymous_7)
FN:13,(anonymous_8)
FN:27,(anonymous_10)
FNF:3
FNH:2
FNDA:1,(anonymous_7)
FNDA:4,(anonymous_8)
FNDA:0,(anonymous_10)
DA:7,1
DA:9,1
DA:15,4
DA:16,4
DA:17,4
DA:19,4
DA:20,4
DA:22,0
DA:24,4
DA:28,0
DA:30,0
DA:31,0
DA:33,0
DA:35,0
DA:40,0
LF:15
LH:8
BRDA:19,0,0,4
BRF:1
BRH:1
end_of_record
